<?xml version="1.0" encoding="UTF-8"?>
<testng-results ignored="0" total="4" passed="4" failed="0" skipped="0">
  <reporter-output>
  </reporter-output>
  <suite started-at="2024-04-18T17:26:52 IST" name="Suite" finished-at="2024-04-18T17:28:02 IST" duration-ms="70761">
    <groups>
      <group name="cucumber">
        <method signature="AbstractTestNGCucumberTests.runScenario(io.cucumber.testng.PickleWrapper,io.cucumber.testng.FeatureWrapper)[pri:0, instance:testRunner.testrunner@6be968ce]" name="runScenario" class="io.cucumber.testng.AbstractTestNGCucumberTests"/>
      </group> <!-- cucumber -->
    </groups>
    <test started-at="2024-04-18T17:26:52 IST" name="Test" finished-at="2024-04-18T17:28:02 IST" duration-ms="70761">
      <class name="testRunner.testrunner">
        <test-method is-config="true" signature="setUpClass(org.testng.ITestContext)[pri:0, instance:testRunner.testrunner@6be968ce]" started-at="2024-04-18T17:26:52 IST" name="setUpClass" finished-at="2024-04-18T17:27:05 IST" duration-ms="13757" status="PASS">
          <params>
            <param index="0">
              <value>
                <![CDATA[org.testng.TestRunner@741741d0]]>
              </value>
            </param>
          </params>
          <reporter-output>
          </reporter-output>
        </test-method> <!-- setUpClass -->
        <test-method signature="runScenario(io.cucumber.testng.PickleWrapper,io.cucumber.testng.FeatureWrapper)[pri:0, instance:testRunner.testrunner@6be968ce]" started-at="2024-04-18T17:27:05 IST" name="runScenario" description="Runs Cucumber Scenarios" data-provider="scenarios" finished-at="2024-04-18T17:27:17 IST" duration-ms="11465" status="PASS">
          <params>
            <param index="0">
              <value>
                <![CDATA["Search for Web Development"]]>
              </value>
            </param>
            <param index="1">
              <value>
                <![CDATA["Search for web development courses and fetch data"]]>
              </value>
            </param>
          </params>
          <reporter-output>
          </reporter-output>
        </test-method> <!-- runScenario -->
        <test-method signature="runScenario(io.cucumber.testng.PickleWrapper,io.cucumber.testng.FeatureWrapper)[pri:0, instance:testRunner.testrunner@6be968ce]" started-at="2024-04-18T17:27:17 IST" name="runScenario" description="Runs Cucumber Scenarios" data-provider="scenarios" finished-at="2024-04-18T17:27:40 IST" duration-ms="22733" status="PASS">
          <params>
            <param index="0">
              <value>
                <![CDATA["Printing Courses"]]>
              </value>
            </param>
            <param index="1">
              <value>
                <![CDATA["Applying filter and printing the first two results"]]>
              </value>
            </param>
          </params>
          <reporter-output>
          </reporter-output>
        </test-method> <!-- runScenario -->
        <test-method signature="runScenario(io.cucumber.testng.PickleWrapper,io.cucumber.testng.FeatureWrapper)[pri:0, instance:testRunner.testrunner@6be968ce]" started-at="2024-04-18T17:27:40 IST" name="runScenario" description="Runs Cucumber Scenarios" data-provider="scenarios" finished-at="2024-04-18T17:27:47 IST" duration-ms="6963" status="PASS">
          <params>
            <param index="0">
              <value>
                <![CDATA["Print language and levels"]]>
              </value>
            </param>
            <param index="1">
              <value>
                <![CDATA["Printing all languages and levels for language in search"]]>
              </value>
            </param>
          </params>
          <reporter-output>
          </reporter-output>
        </test-method> <!-- runScenario -->
        <test-method signature="runScenario(io.cucumber.testng.PickleWrapper,io.cucumber.testng.FeatureWrapper)[pri:0, instance:testRunner.testrunner@6be968ce]" started-at="2024-04-18T17:27:47 IST" name="runScenario" description="Runs Cucumber Scenarios" data-provider="scenarios" finished-at="2024-04-18T17:27:58 IST" duration-ms="11748" status="PASS">
          <params>
            <param index="0">
              <value>
                <![CDATA["Filling the form"]]>
              </value>
            </param>
            <param index="1">
              <value>
                <![CDATA["Filling the ready to transfer form and printing the error message"]]>
              </value>
            </param>
          </params>
          <reporter-output>
          </reporter-output>
        </test-method> <!-- runScenario -->
        <test-method is-config="true" signature="tearDownClass()[pri:0, instance:testRunner.testrunner@6be968ce]" started-at="2024-04-18T17:27:58 IST" name="tearDownClass" finished-at="2024-04-18T17:28:02 IST" duration-ms="4036" status="PASS">
          <reporter-output>
          </reporter-output>
        </test-method> <!-- tearDownClass -->
      </class> <!-- testRunner.testrunner -->
    </test> <!-- Test -->
  </suite> <!-- Suite -->
</testng-results>
